C:\USERS\ARCHIT\DOCUMENTS\VISUAL STUDIO 2012\PROJECTS\SCANNERFF\DEBUG\BUFFER.OBJ
C:\USERS\ARCHIT\DOCUMENTS\VISUAL STUDIO 2012\PROJECTS\SCANNERFF\DEBUG\PLATY_ST.OBJ
C:\USERS\ARCHIT\DOCUMENTS\VISUAL STUDIO 2012\PROJECTS\SCANNERFF\DEBUG\VC110.PDB
C:\USERS\ARCHIT\DOCUMENTS\VISUAL STUDIO 2012\PROJECTS\SCANNERFF\DEBUG\SCANNER.OBJ
C:\USERS\ARCHIT\DOCUMENTS\VISUAL STUDIO 2012\PROJECTS\SCANNERFF\DEBUG\SCANNERFF.ILK
C:\USERS\ARCHIT\DOCUMENTS\VISUAL STUDIO 2012\PROJECTS\SCANNERFF\DEBUG\SCANNERFF.EXE
C:\USERS\ARCHIT\DOCUMENTS\VISUAL STUDIO 2012\PROJECTS\SCANNERFF\DEBUG\SCANNERFF.PDB
C:\Users\Archit\Documents\Visual Studio 2012\Projects\ScannerFF\Debug\Buffer.obj
C:\Users\Archit\Documents\Visual Studio 2012\Projects\ScannerFF\Debug\platy_st.obj
C:\Users\Archit\Documents\Visual Studio 2012\Projects\ScannerFF\Debug\Scanner.obj
C:\Users\Archit\Documents\Visual Studio 2012\Projects\ScannerFF\Debug\ScannerFF.ilk
C:\Users\Archit\Documents\Visual Studio 2012\Projects\ScannerFF\Debug\cl.command.1.tlog
C:\Users\Archit\Documents\Visual Studio 2012\Projects\ScannerFF\Debug\CL.read.1.tlog
C:\Users\Archit\Documents\Visual Studio 2012\Projects\ScannerFF\Debug\CL.write.1.tlog
C:\Users\Archit\Documents\Visual Studio 2012\Projects\ScannerFF\Debug\link-cvtres.read.1.tlog
C:\Users\Archit\Documents\Visual Studio 2012\Projects\ScannerFF\Debug\link-cvtres.write.1.tlog
C:\Users\Archit\Documents\Visual Studio 2012\Projects\ScannerFF\Debug\link-rc.read.1.tlog
C:\Users\Archit\Documents\Visual Studio 2012\Projects\ScannerFF\Debug\link-rc.write.1.tlog
C:\Users\Archit\Documents\Visual Studio 2012\Projects\ScannerFF\Debug\link.command.1.tlog
C:\Users\Archit\Documents\Visual Studio 2012\Projects\ScannerFF\Debug\link.read.1.tlog
C:\Users\Archit\Documents\Visual Studio 2012\Projects\ScannerFF\Debug\link.write.1.tlog
C:\Users\Archit\Documents\Visual Studio 2012\Projects\ScannerFF\Debug\vc110.idb
C:\Users\Archit\Documents\Visual Studio 2012\Projects\ScannerFF\Debug\ScannerFF.pdb
C:\Users\Archit\Documents\Visual Studio 2012\Projects\ScannerFF\Debug\vc110.pdb
C:\Users\Archit\Documents\Visual Studio 2012\Projects\ScannerFF\Debug\ScannerFF.exe
